   1               		.file	"aes128_enc.c"
   2               	__SP_H__ = 0x3e
   3               	__SP_L__ = 0x3d
   4               	__SREG__ = 0x3f
   5               	__RAMPZ__ = 0x3b
   6               	__CCP__ = 0x34
   7               	__tmp_reg__ = 0
   8               	__zero_reg__ = 1
   9               		.text
  10               	.Ltext0:
  11               		.cfi_sections	.debug_frame
  12               	.global	aes128_enc
  14               	aes128_enc:
  15               	.LFB0:
  16               		.file 1 ".././crypto/avrcryptolib//aes/aes128_enc.c"
   1:.././crypto/avrcryptolib//aes/aes128_enc.c **** /* aes128_enc.c */
   2:.././crypto/avrcryptolib//aes/aes128_enc.c **** /*
   3:.././crypto/avrcryptolib//aes/aes128_enc.c ****     This file is part of the AVR-Crypto-Lib.
   4:.././crypto/avrcryptolib//aes/aes128_enc.c ****     Copyright (C) 2008  Daniel Otte (daniel.otte@rub.de)
   5:.././crypto/avrcryptolib//aes/aes128_enc.c **** 
   6:.././crypto/avrcryptolib//aes/aes128_enc.c ****     This program is free software: you can redistribute it and/or modify
   7:.././crypto/avrcryptolib//aes/aes128_enc.c ****     it under the terms of the GNU General Public License as published by
   8:.././crypto/avrcryptolib//aes/aes128_enc.c ****     the Free Software Foundation, either version 3 of the License, or
   9:.././crypto/avrcryptolib//aes/aes128_enc.c ****     (at your option) any later version.
  10:.././crypto/avrcryptolib//aes/aes128_enc.c **** 
  11:.././crypto/avrcryptolib//aes/aes128_enc.c ****     This program is distributed in the hope that it will be useful,
  12:.././crypto/avrcryptolib//aes/aes128_enc.c ****     but WITHOUT ANY WARRANTY; without even the implied warranty of
  13:.././crypto/avrcryptolib//aes/aes128_enc.c ****     MERCHANTABILITY or FITNESS FOR A PARTICULAR PURPOSE.  See the
  14:.././crypto/avrcryptolib//aes/aes128_enc.c ****     GNU General Public License for more details.
  15:.././crypto/avrcryptolib//aes/aes128_enc.c **** 
  16:.././crypto/avrcryptolib//aes/aes128_enc.c ****     You should have received a copy of the GNU General Public License
  17:.././crypto/avrcryptolib//aes/aes128_enc.c ****     along with this program.  If not, see <http://www.gnu.org/licenses/>.
  18:.././crypto/avrcryptolib//aes/aes128_enc.c **** */
  19:.././crypto/avrcryptolib//aes/aes128_enc.c **** /**
  20:.././crypto/avrcryptolib//aes/aes128_enc.c ****  * \file     aes128_enc.c
  21:.././crypto/avrcryptolib//aes/aes128_enc.c ****  * \email    daniel.otte@rub.de
  22:.././crypto/avrcryptolib//aes/aes128_enc.c ****  * \author   Daniel Otte 
  23:.././crypto/avrcryptolib//aes/aes128_enc.c ****  * \date     2008-12-30
  24:.././crypto/avrcryptolib//aes/aes128_enc.c ****  * \license  GPLv3 or later
  25:.././crypto/avrcryptolib//aes/aes128_enc.c ****  * 
  26:.././crypto/avrcryptolib//aes/aes128_enc.c ****  */
  27:.././crypto/avrcryptolib//aes/aes128_enc.c **** 
  28:.././crypto/avrcryptolib//aes/aes128_enc.c **** #include "aes.h"
  29:.././crypto/avrcryptolib//aes/aes128_enc.c **** #include "aes_enc.h"
  30:.././crypto/avrcryptolib//aes/aes128_enc.c **** 
  31:.././crypto/avrcryptolib//aes/aes128_enc.c **** void aes128_enc(void* buffer, aes128_ctx_t* ctx){
  17               		.loc 1 31 0
  18               		.cfi_startproc
  19               	.LVL0:
  20               	/* prologue: function */
  21               	/* frame size = 0 */
  22               	/* stack size = 0 */
  23               	.L__stack_usage = 0
  32:.././crypto/avrcryptolib//aes/aes128_enc.c **** 	aes_encrypt_core(buffer, (aes_genctx_t*)ctx, 10);
  24               		.loc 1 32 0
  25 0000 4AE0      		ldi r20,lo8(10)
  26 0002 0C94 0000 		jmp aes_encrypt_core
  27               	.LVL1:
  28               		.cfi_endproc
  29               	.LFE0:
  31               	.Letext0:
  32               		.file 2 "/usr/lib/avr/include/stdint.h"
  33               		.file 3 ".././crypto/avrcryptolib//aes/aes_types.h"
  34               		.file 4 ".././crypto/avrcryptolib//aes/aes_enc.h"
DEFINED SYMBOLS
                            *ABS*:0000000000000000 aes128_enc.c
     /tmp/ccFR1syY.s:2      *ABS*:000000000000003e __SP_H__
     /tmp/ccFR1syY.s:3      *ABS*:000000000000003d __SP_L__
     /tmp/ccFR1syY.s:4      *ABS*:000000000000003f __SREG__
     /tmp/ccFR1syY.s:5      *ABS*:000000000000003b __RAMPZ__
     /tmp/ccFR1syY.s:6      *ABS*:0000000000000034 __CCP__
     /tmp/ccFR1syY.s:7      *ABS*:0000000000000000 __tmp_reg__
     /tmp/ccFR1syY.s:8      *ABS*:0000000000000001 __zero_reg__
     /tmp/ccFR1syY.s:14     .text:0000000000000000 aes128_enc

UNDEFINED SYMBOLS
aes_encrypt_core
