   1               		.file	"aes_sbox.c"
   2               	__SP_H__ = 0x3e
   3               	__SP_L__ = 0x3d
   4               	__SREG__ = 0x3f
   5               	__RAMPZ__ = 0x3b
   6               	__CCP__ = 0x34
   7               	__tmp_reg__ = 0
   8               	__zero_reg__ = 1
   9               		.text
  10               	.Ltext0:
  11               		.cfi_sections	.debug_frame
  12               	.global	aes_sbox
  13               		.section	.progmem.data,"a",@progbits
  16               	aes_sbox:
  17 0000 63        		.byte	99
  18 0001 7C        		.byte	124
  19 0002 77        		.byte	119
  20 0003 7B        		.byte	123
  21 0004 F2        		.byte	-14
  22 0005 6B        		.byte	107
  23 0006 6F        		.byte	111
  24 0007 C5        		.byte	-59
  25 0008 30        		.byte	48
  26 0009 01        		.byte	1
  27 000a 67        		.byte	103
  28 000b 2B        		.byte	43
  29 000c FE        		.byte	-2
  30 000d D7        		.byte	-41
  31 000e AB        		.byte	-85
  32 000f 76        		.byte	118
  33 0010 CA        		.byte	-54
  34 0011 82        		.byte	-126
  35 0012 C9        		.byte	-55
  36 0013 7D        		.byte	125
  37 0014 FA        		.byte	-6
  38 0015 59        		.byte	89
  39 0016 47        		.byte	71
  40 0017 F0        		.byte	-16
  41 0018 AD        		.byte	-83
  42 0019 D4        		.byte	-44
  43 001a A2        		.byte	-94
  44 001b AF        		.byte	-81
  45 001c 9C        		.byte	-100
  46 001d A4        		.byte	-92
  47 001e 72        		.byte	114
  48 001f C0        		.byte	-64
  49 0020 B7        		.byte	-73
  50 0021 FD        		.byte	-3
  51 0022 93        		.byte	-109
  52 0023 26        		.byte	38
  53 0024 36        		.byte	54
  54 0025 3F        		.byte	63
  55 0026 F7        		.byte	-9
  56 0027 CC        		.byte	-52
  57 0028 34        		.byte	52
  58 0029 A5        		.byte	-91
  59 002a E5        		.byte	-27
  60 002b F1        		.byte	-15
  61 002c 71        		.byte	113
  62 002d D8        		.byte	-40
  63 002e 31        		.byte	49
  64 002f 15        		.byte	21
  65 0030 04        		.byte	4
  66 0031 C7        		.byte	-57
  67 0032 23        		.byte	35
  68 0033 C3        		.byte	-61
  69 0034 18        		.byte	24
  70 0035 96        		.byte	-106
  71 0036 05        		.byte	5
  72 0037 9A        		.byte	-102
  73 0038 07        		.byte	7
  74 0039 12        		.byte	18
  75 003a 80        		.byte	-128
  76 003b E2        		.byte	-30
  77 003c EB        		.byte	-21
  78 003d 27        		.byte	39
  79 003e B2        		.byte	-78
  80 003f 75        		.byte	117
  81 0040 09        		.byte	9
  82 0041 83        		.byte	-125
  83 0042 2C        		.byte	44
  84 0043 1A        		.byte	26
  85 0044 1B        		.byte	27
  86 0045 6E        		.byte	110
  87 0046 5A        		.byte	90
  88 0047 A0        		.byte	-96
  89 0048 52        		.byte	82
  90 0049 3B        		.byte	59
  91 004a D6        		.byte	-42
  92 004b B3        		.byte	-77
  93 004c 29        		.byte	41
  94 004d E3        		.byte	-29
  95 004e 2F        		.byte	47
  96 004f 84        		.byte	-124
  97 0050 53        		.byte	83
  98 0051 D1        		.byte	-47
  99 0052 00        		.byte	0
 100 0053 ED        		.byte	-19
 101 0054 20        		.byte	32
 102 0055 FC        		.byte	-4
 103 0056 B1        		.byte	-79
 104 0057 5B        		.byte	91
 105 0058 6A        		.byte	106
 106 0059 CB        		.byte	-53
 107 005a BE        		.byte	-66
 108 005b 39        		.byte	57
 109 005c 4A        		.byte	74
 110 005d 4C        		.byte	76
 111 005e 58        		.byte	88
 112 005f CF        		.byte	-49
 113 0060 D0        		.byte	-48
 114 0061 EF        		.byte	-17
 115 0062 AA        		.byte	-86
 116 0063 FB        		.byte	-5
 117 0064 43        		.byte	67
 118 0065 4D        		.byte	77
 119 0066 33        		.byte	51
 120 0067 85        		.byte	-123
 121 0068 45        		.byte	69
 122 0069 F9        		.byte	-7
 123 006a 02        		.byte	2
 124 006b 7F        		.byte	127
 125 006c 50        		.byte	80
 126 006d 3C        		.byte	60
 127 006e 9F        		.byte	-97
 128 006f A8        		.byte	-88
 129 0070 51        		.byte	81
 130 0071 A3        		.byte	-93
 131 0072 40        		.byte	64
 132 0073 8F        		.byte	-113
 133 0074 92        		.byte	-110
 134 0075 9D        		.byte	-99
 135 0076 38        		.byte	56
 136 0077 F5        		.byte	-11
 137 0078 BC        		.byte	-68
 138 0079 B6        		.byte	-74
 139 007a DA        		.byte	-38
 140 007b 21        		.byte	33
 141 007c 10        		.byte	16
 142 007d FF        		.byte	-1
 143 007e F3        		.byte	-13
 144 007f D2        		.byte	-46
 145 0080 CD        		.byte	-51
 146 0081 0C        		.byte	12
 147 0082 13        		.byte	19
 148 0083 EC        		.byte	-20
 149 0084 5F        		.byte	95
 150 0085 97        		.byte	-105
 151 0086 44        		.byte	68
 152 0087 17        		.byte	23
 153 0088 C4        		.byte	-60
 154 0089 A7        		.byte	-89
 155 008a 7E        		.byte	126
 156 008b 3D        		.byte	61
 157 008c 64        		.byte	100
 158 008d 5D        		.byte	93
 159 008e 19        		.byte	25
 160 008f 73        		.byte	115
 161 0090 60        		.byte	96
 162 0091 81        		.byte	-127
 163 0092 4F        		.byte	79
 164 0093 DC        		.byte	-36
 165 0094 22        		.byte	34
 166 0095 2A        		.byte	42
 167 0096 90        		.byte	-112
 168 0097 88        		.byte	-120
 169 0098 46        		.byte	70
 170 0099 EE        		.byte	-18
 171 009a B8        		.byte	-72
 172 009b 14        		.byte	20
 173 009c DE        		.byte	-34
 174 009d 5E        		.byte	94
 175 009e 0B        		.byte	11
 176 009f DB        		.byte	-37
 177 00a0 E0        		.byte	-32
 178 00a1 32        		.byte	50
 179 00a2 3A        		.byte	58
 180 00a3 0A        		.byte	10
 181 00a4 49        		.byte	73
 182 00a5 06        		.byte	6
 183 00a6 24        		.byte	36
 184 00a7 5C        		.byte	92
 185 00a8 C2        		.byte	-62
 186 00a9 D3        		.byte	-45
 187 00aa AC        		.byte	-84
 188 00ab 62        		.byte	98
 189 00ac 91        		.byte	-111
 190 00ad 95        		.byte	-107
 191 00ae E4        		.byte	-28
 192 00af 79        		.byte	121
 193 00b0 E7        		.byte	-25
 194 00b1 C8        		.byte	-56
 195 00b2 37        		.byte	55
 196 00b3 6D        		.byte	109
 197 00b4 8D        		.byte	-115
 198 00b5 D5        		.byte	-43
 199 00b6 4E        		.byte	78
 200 00b7 A9        		.byte	-87
 201 00b8 6C        		.byte	108
 202 00b9 56        		.byte	86
 203 00ba F4        		.byte	-12
 204 00bb EA        		.byte	-22
 205 00bc 65        		.byte	101
 206 00bd 7A        		.byte	122
 207 00be AE        		.byte	-82
 208 00bf 08        		.byte	8
 209 00c0 BA        		.byte	-70
 210 00c1 78        		.byte	120
 211 00c2 25        		.byte	37
 212 00c3 2E        		.byte	46
 213 00c4 1C        		.byte	28
 214 00c5 A6        		.byte	-90
 215 00c6 B4        		.byte	-76
 216 00c7 C6        		.byte	-58
 217 00c8 E8        		.byte	-24
 218 00c9 DD        		.byte	-35
 219 00ca 74        		.byte	116
 220 00cb 1F        		.byte	31
 221 00cc 4B        		.byte	75
 222 00cd BD        		.byte	-67
 223 00ce 8B        		.byte	-117
 224 00cf 8A        		.byte	-118
 225 00d0 70        		.byte	112
 226 00d1 3E        		.byte	62
 227 00d2 B5        		.byte	-75
 228 00d3 66        		.byte	102
 229 00d4 48        		.byte	72
 230 00d5 03        		.byte	3
 231 00d6 F6        		.byte	-10
 232 00d7 0E        		.byte	14
 233 00d8 61        		.byte	97
 234 00d9 35        		.byte	53
 235 00da 57        		.byte	87
 236 00db B9        		.byte	-71
 237 00dc 86        		.byte	-122
 238 00dd C1        		.byte	-63
 239 00de 1D        		.byte	29
 240 00df 9E        		.byte	-98
 241 00e0 E1        		.byte	-31
 242 00e1 F8        		.byte	-8
 243 00e2 98        		.byte	-104
 244 00e3 11        		.byte	17
 245 00e4 69        		.byte	105
 246 00e5 D9        		.byte	-39
 247 00e6 8E        		.byte	-114
 248 00e7 94        		.byte	-108
 249 00e8 9B        		.byte	-101
 250 00e9 1E        		.byte	30
 251 00ea 87        		.byte	-121
 252 00eb E9        		.byte	-23
 253 00ec CE        		.byte	-50
 254 00ed 55        		.byte	85
 255 00ee 28        		.byte	40
 256 00ef DF        		.byte	-33
 257 00f0 8C        		.byte	-116
 258 00f1 A1        		.byte	-95
 259 00f2 89        		.byte	-119
 260 00f3 0D        		.byte	13
 261 00f4 BF        		.byte	-65
 262 00f5 E6        		.byte	-26
 263 00f6 42        		.byte	66
 264 00f7 68        		.byte	104
 265 00f8 41        		.byte	65
 266 00f9 99        		.byte	-103
 267 00fa 2D        		.byte	45
 268 00fb 0F        		.byte	15
 269 00fc B0        		.byte	-80
 270 00fd 54        		.byte	84
 271 00fe BB        		.byte	-69
 272 00ff 16        		.byte	22
 273               		.text
 274               	.Letext0:
 275               		.file 1 "/usr/lib/avr/include/stdint.h"
 276               		.file 2 ".././crypto/avrcryptolib//aes/aes_sbox.c"
DEFINED SYMBOLS
                            *ABS*:0000000000000000 aes_sbox.c
     /tmp/cccaPNrW.s:2      *ABS*:000000000000003e __SP_H__
     /tmp/cccaPNrW.s:3      *ABS*:000000000000003d __SP_L__
     /tmp/cccaPNrW.s:4      *ABS*:000000000000003f __SREG__
     /tmp/cccaPNrW.s:5      *ABS*:000000000000003b __RAMPZ__
     /tmp/cccaPNrW.s:6      *ABS*:0000000000000034 __CCP__
     /tmp/cccaPNrW.s:7      *ABS*:0000000000000000 __tmp_reg__
     /tmp/cccaPNrW.s:8      *ABS*:0000000000000001 __zero_reg__
     /tmp/cccaPNrW.s:16     .progmem.data:0000000000000000 aes_sbox

NO UNDEFINED SYMBOLS
