   1               		.file	"XMEGA_AES_driver.c"
   2               	__SP_H__ = 0x3e
   3               	__SP_L__ = 0x3d
   4               	__SREG__ = 0x3f
   5               	__RAMPZ__ = 0x3b
   6               	__CCP__ = 0x34
   7               	__tmp_reg__ = 0
   8               	__zero_reg__ = 1
   9               		.text
  10               	.Ltext0:
  11               		.cfi_sections	.debug_frame
  12               	.Letext0:
DEFINED SYMBOLS
                            *ABS*:0000000000000000 XMEGA_AES_driver.c
     /tmp/cczVPviR.s:2      *ABS*:000000000000003e __SP_H__
     /tmp/cczVPviR.s:3      *ABS*:000000000000003d __SP_L__
     /tmp/cczVPviR.s:4      *ABS*:000000000000003f __SREG__
     /tmp/cczVPviR.s:5      *ABS*:000000000000003b __RAMPZ__
     /tmp/cczVPviR.s:6      *ABS*:0000000000000034 __CCP__
     /tmp/cczVPviR.s:7      *ABS*:0000000000000000 __tmp_reg__
     /tmp/cczVPviR.s:8      *ABS*:0000000000000001 __zero_reg__

NO UNDEFINED SYMBOLS
